<?xml version="1.0" encoding="UTF-8"?>
<!-- Generated by org.testng.reporters.JUnitReportReporter -->
<testsuite skipped="0" hostname="AnchalT" name="com.bank.AppTest" tests="1" failures="0" timestamp="02 Dec 2021 10:13:54 GMT" time="0.012" errors="0">
  <testcase name="shouldAnswerWithTrue" time="0.012" classname="com.bank.AppTest"/>
</testsuite> <!-- com.bank.AppTest -->
